[2017.08.29-13.23.40:172][  0]Log file open, 08/29/17 14:23:40
[2017.08.29-13.23.40:172][  0]LogInit:Display: Running engine for game: gerBall
[2017.08.29-13.23.40:172][  0]LogInit:Display: Project file not found: ../../../gerBall/gerBall.uproject
[2017.08.29-13.23.40:172][  0]LogInit:Display: 	Attempting to find via project info helper.
[2017.08.29-13.23.40:172][  0]LogUProjectInfo: Found projects:
[2017.08.29-13.23.40:172][  0]LogModuleManager:Warning: ModuleManager: Module 'HTTPChunkInstaller' not found - its StaticallyLinkedModuleInitializers function is null.
[2017.08.29-13.23.40:172][  0]LogTaskGraph: Started task graph with 4 named threads and 7 total threads.
[2017.08.29-13.23.40:172][  0]LogStats: Stats thread started
[2017.08.29-13.23.40:172][  0]LogInit: Version: 4.8.3-2634408+++depot+UE4-Releases+4.8
[2017.08.29-13.23.40:172][  0]LogInit: API Version: 2579680
[2017.08.29-13.23.40:172][  0]LogInit: Compiled (64-bit): Jul 27 2015 16:16:31
[2017.08.29-13.23.40:172][  0]LogInit: Compiled with Visual C++: 18.00.21005.01
[2017.08.29-13.23.40:172][  0]LogInit: Build Configuration: Development
[2017.08.29-13.23.40:172][  0]LogInit: Branch Name: ++depot+UE4-Releases+4.8
[2017.08.29-13.23.40:172][  0]LogInit: Command line:  
[2017.08.29-13.23.40:172][  0]LogInit: Base directory: F:/Documents/Unreal Projects/gerBall v1.1/gerBall v1.1/Engine/Binaries/Win64/
[2017.08.29-13.23.40:172][  0]LogInit: Rocket: 0
[2017.08.29-13.23.40:173][  0]LogInit: Using libcurl 7.41.0
[2017.08.29-13.23.40:173][  0]LogInit:  - built for x86_64-pc-win32
[2017.08.29-13.23.40:173][  0]LogInit:  - supports SSL with WinSSL
[2017.08.29-13.23.40:173][  0]LogInit:  - other features:
[2017.08.29-13.23.40:173][  0]LogInit:      CURL_VERSION_SSL
[2017.08.29-13.23.40:173][  0]LogInit:      CURL_VERSION_IPV6
[2017.08.29-13.23.40:173][  0]LogInit:      CURL_VERSION_ASYNCHDNS
[2017.08.29-13.23.40:173][  0]LogInit:      CURL_VERSION_LARGEFILE
[2017.08.29-13.23.40:173][  0]LogInit:      CURL_VERSION_IDN
[2017.08.29-13.23.40:174][  0]LogInit:  CurlRequestOptions (configurable via config and command line):
[2017.08.29-13.23.40:174][  0]LogInit:  - bVerifyPeer = true  - Libcurl will verify peer certificate
[2017.08.29-13.23.40:174][  0]LogInit:  - bUseHttpProxy = false  - Libcurl will NOT use HTTP proxy
[2017.08.29-13.23.40:174][  0]LogInit:  - bDontReuseConnections = false  - Libcurl will reuse connections
[2017.08.29-13.23.40:174][  0]LogInit:  - CertBundlePath = nullptr  - Libcurl will use whatever was configured at build time.
[2017.08.29-13.23.40:174][  0]LogOnline:Warning: No default platform service specified for OnlineSubsystem
[2017.08.29-13.23.40:175][  0]LogInit: Presizing for 0 objects not considered by GC, pre-allocating 0 bytes.
[2017.08.29-13.23.40:179][  0]LogInit: Object subsystem initialized
[2017.08.29-13.23.40:180][  0]LogConsoleResponse:Warning: Skipping Unknown console variable: 'TranslucentSortAxis = (X=0.000000,Y=-1.000000,Z=0.000000)'
[2017.08.29-13.23.40:180][  0]LogConsoleResponse:Warning:   Found in ini file '../../../gerBall/Saved/Config/WindowsNoEditor/Engine.ini', in section '[/Script/Engine.RendererSettings]'
[2017.08.29-13.23.40:180][  0]LogConsoleResponse:Warning: Skipping Unknown console variable: 'UIScaleRule = ShortestSide'
[2017.08.29-13.23.40:180][  0]LogConsoleResponse:Warning:   Found in ini file '../../../gerBall/Saved/Config/WindowsNoEditor/Engine.ini', in section '[/Script/Engine.RendererSettings]'
[2017.08.29-13.23.40:180][  0]LogConsoleResponse:Warning: Skipping Unknown console variable: 'UIScaleCurve = (EditorCurveData=(Keys=),ExternalCurve=None)'
[2017.08.29-13.23.40:180][  0]LogConsoleResponse:Warning:   Found in ini file '../../../gerBall/Saved/Config/WindowsNoEditor/Engine.ini', in section '[/Script/Engine.RendererSettings]'
[2017.08.29-13.23.40:182][  0]LogInit: Selected Device Profile: [WindowsNoEditor]
[2017.08.29-13.23.40:182][  0]LogInit: Applying CVar settings loaded from the selected device profile: [WindowsNoEditor]
[2017.08.29-13.23.40:186][  0]LogInit: Computer: DESKTOP-8AFLOSB
[2017.08.29-13.23.40:186][  0]LogInit: User: Pete
[2017.08.29-13.23.40:186][  0]LogInit: CPU Page size=4096, Cores=4
[2017.08.29-13.23.40:186][  0]LogInit: High frequency timer resolution =3.117186 MHz
[2017.08.29-13.23.40:186][  0]LogMemory: Memory total: Physical=8.0GB (8GB approx)
[2017.08.29-13.23.40:187][  0]LogMemory: Platform Memory Stats for WindowsNoEditor
[2017.08.29-13.23.40:187][  0]LogMemory: Process Physical Memory: 32.57 MB used, 32.57 MB peak
[2017.08.29-13.23.40:187][  0]LogMemory: Process Virtual Memory: 18.08 MB used, 18.08 MB peak
[2017.08.29-13.23.40:187][  0]LogMemory: Physical Memory: 5297.48 MB used, 8144.14 MB total
[2017.08.29-13.23.40:187][  0]LogMemory: Virtual Memory: 213.19 MB used, 134217728.00 MB total
[2017.08.29-13.23.40:213][  0]LogTextLocalizationManager: The requested culture ('en_GB') has no localization data; parent culture's ('en') localization data will be used.
[2017.08.29-13.23.40:370][  0]LogD3D11RHI: Found D3D11 adapter 0: Radeon(TM) RX 460 Graphics (Feature Level 11_0)
[2017.08.29-13.23.40:371][  0]LogD3D11RHI: Adapter has 4044MB of dedicated video memory, 0MB of dedicated system memory, and 4072MB of shared system memory, 1 output[s]
[2017.08.29-13.23.40:372][  0]LogD3D11RHI: Found D3D11 adapter 1: Microsoft Basic Render Driver (Feature Level 11_0)
[2017.08.29-13.23.40:372][  0]LogD3D11RHI: Adapter has 0MB of dedicated video memory, 0MB of dedicated system memory, and 4072MB of shared system memory, 0 output[s]
[2017.08.29-13.23.40:372][  0]LogD3D11RHI: Chosen D3D11 Adapter Id = 0
[2017.08.29-13.23.40:377][  0]LogD3D11RHI: InitD3DDevice
[2017.08.29-13.23.40:377][  0]LogD3D11RHI: !Direct3DDevice
[2017.08.29-13.23.40:377][  0]LogRHI: Texture pool is 1361 MB (70% of 1945 MB)
[2017.08.29-13.23.40:393][  0]LogD3D11RHI: Async texture creation disabled: no driver support
[2017.08.29-13.23.40:495][  0]LogInit: Selected Device Profile: [WindowsNoEditor]
[2017.08.29-13.23.40:593][  0]LogInit: WinSock: version 1.1 (2.2), MaxSocks=32767, MaxUdp=65467
[2017.08.29-13.23.40:645][  0]LogD3D11RHI: InitD3DDevice
[2017.08.29-13.23.40:657][  0]LogWindowsMoviePlayer: Unable to load movie: ../../../gerBall/Content/Movies/Default_Startup.mp4
[2017.08.29-13.23.40:692][  0]LogObj: 21750 objects as part of root set at end of initial load.
[2017.08.29-13.23.40:692][  0]LogUObjectAllocator: 4322120 out of 0 bytes used by permanent object pool.
[2017.08.29-13.23.40:692][  0]LogStreaming:Warning: Failed to read file '../../../Engine/Content/Editor/Slate/Common/TableViewHeader.png' error.
[2017.08.29-13.23.40:692][  0]LogSlate: Could not find file for Slate resource: ../../../Engine/Content/Editor/Slate/Common/TableViewHeader.png
[2017.08.29-13.23.40:697][  0]LogStreaming:Warning: Failed to read file '../../../Engine/Content/Editor/Slate//Docking/TabContentArea.png' error.
[2017.08.29-13.23.40:697][  0]LogSlate: Could not find file for Slate resource: ../../../Engine/Content/Editor/Slate//Docking/TabContentArea.png
[2017.08.29-13.23.40:697][  0]LogStreaming:Warning: Failed to read file '../../../Engine/Content/Editor/Slate/Common/ProgressBar_Background.png' error.
[2017.08.29-13.23.40:697][  0]LogSlate: Could not find file for Slate resource: ../../../Engine/Content/Editor/Slate/Common/ProgressBar_Background.png
[2017.08.29-13.23.40:698][  0]LogStreaming:Warning: Failed to read file '../../../Engine/Content/Editor/Slate/Common/TaskGraph_Normal.png' error.
[2017.08.29-13.23.40:698][  0]LogSlate: Could not find file for Slate resource: ../../../Engine/Content/Editor/Slate/Common/TaskGraph_Normal.png
[2017.08.29-13.23.40:698][  0]LogStreaming:Warning: Failed to read file '../../../Engine/Content/Editor/Slate/Common/TaskGraph_Selected.png' error.
[2017.08.29-13.23.40:698][  0]LogSlate: Could not find file for Slate resource: ../../../Engine/Content/Editor/Slate/Common/TaskGraph_Selected.png
[2017.08.29-13.23.40:698][  0]LogStreaming:Warning: Failed to read file '../../../Engine/Content/Editor/Slate/Common/TaskGraph_Mono.png' error.
[2017.08.29-13.23.40:698][  0]LogSlate: Could not find file for Slate resource: ../../../Engine/Content/Editor/Slate/Common/TaskGraph_Mono.png
[2017.08.29-13.23.40:698][  0]LogStreaming:Warning: Failed to read file '../../../Engine/Content/Editor/Slate/Common/SortUpArrow.png' error.
[2017.08.29-13.23.40:698][  0]LogSlate: Could not find file for Slate resource: ../../../Engine/Content/Editor/Slate/Common/SortUpArrow.png
[2017.08.29-13.23.40:698][  0]LogStreaming:Warning: Failed to read file '../../../Engine/Content/Editor/Slate/Common/SortDownArrow.png' error.
[2017.08.29-13.23.40:698][  0]LogSlate: Could not find file for Slate resource: ../../../Engine/Content/Editor/Slate/Common/SortDownArrow.png
[2017.08.29-13.23.40:698][  0]LogStreaming:Warning: Failed to read file '../../../Engine/Content/Editor/Slate/Icons/Home16x16.png' error.
[2017.08.29-13.23.40:698][  0]LogSlate: Could not find file for Slate resource: ../../../Engine/Content/Editor/Slate/Icons/Home16x16.png
[2017.08.29-13.23.40:698][  0]LogStreaming:Warning: Failed to read file '../../../Engine/Content/Editor/Slate/Icons/ToParent.png' error.
[2017.08.29-13.23.40:698][  0]LogSlate: Could not find file for Slate resource: ../../../Engine/Content/Editor/Slate/Icons/ToParent.png
[2017.08.29-13.23.40:698][  0]LogStreaming:Warning: Failed to read file '../../../Engine/Content/Editor/Slate/Common/ComboArrow.png' error.
[2017.08.29-13.23.40:698][  0]LogSlate: Could not find file for Slate resource: ../../../Engine/Content/Editor/Slate/Common/ComboArrow.png
[2017.08.29-13.23.40:709][  0]LogEngine: Initializing Engine...
[2017.08.29-13.23.40:711][  0]LogHMD: Can't find Oculus library dev build: is proper Runtime installed? Version: 0.6.0.0
[2017.08.29-13.23.40:713][  0]LogHMD:Warning: SteamVR failed to initialize.  Error: 110
[2017.08.29-13.23.40:742][  0]LogInit: XAudio2 using 'Speakers (Realtek High Definition Audio)' : 2 channels at 48 kHz using 32 bits per sample (channel mask 0x3)
[2017.08.29-13.23.40:764][  0]LogInit: FAudioDevice initialized.
[2017.08.29-13.23.40:764][  0]LogInit: Texture streaming: Disabled
[2017.08.29-13.23.40:765][  0]LogAnalytics: Creating configured Analytics provider AnalyticsET
[2017.08.29-13.23.40:765][  0]LogAnalytics: [UEGame.UnrealEngine.Release|CAF073B748C1776EB5FBEDB3DCCC3350|UE4Game] APIServer = http://et2.epicgames.com/ET2/. AppVersion = 4.8.3-2634408+++depot+UE4-Releases+4.8
[2017.08.29-13.23.40:765][  0]LogAnalytics: [UEGame.UnrealEngine.Release|CAF073B748C1776EB5FBEDB3DCCC3350|UE4Game] SetUserId 127fafe545a0b1d11c12379a42ba9e20|ed152e1568804cd0a8e4142c462c52ce|57fb8c8e-825d-4e6c-a968-123f4a35a30e
[2017.08.29-13.23.40:765][  0]LogAnalytics: [UEGame.UnrealEngine.Release|CAF073B748C1776EB5FBEDB3DCCC3350|UE4Game] AnalyticsET::StartSession
[2017.08.29-13.23.40:772][  0]LogNet: Browse: /Game/gerBallTestLvl?Name=Player
[2017.08.29-13.23.40:772][  0]LogLoad: LoadMap: /Game/gerBallTestLvl?Name=Player
[2017.08.29-13.23.40:779][  0]LogParticles: Destroying 0 GPU particle simulations for FXSystem 0x00000239ED40B720
[2017.08.29-13.23.40:784][  0]LogMemory: Platform Memory Stats for WindowsNoEditor
[2017.08.29-13.23.40:784][  0]LogMemory: Process Physical Memory: 136.84 MB used, 136.84 MB peak
[2017.08.29-13.23.40:784][  0]LogMemory: Process Virtual Memory: 192.59 MB used, 192.59 MB peak
[2017.08.29-13.23.40:784][  0]LogMemory: Physical Memory: 5410.54 MB used, 8144.14 MB total
[2017.08.29-13.23.40:784][  0]LogMemory: Virtual Memory: 570.54 MB used, 134217728.00 MB total
[2017.08.29-13.23.40:784][  0]LogMemory: 
[2017.08.29-13.23.40:784][  0]LogMemory: Allocator Stats for binned:
[2017.08.29-13.23.40:784][  0]LogMemory: Current Memory 36.72 MB used, plus 3.38 MB waste
[2017.08.29-13.23.40:784][  0]LogMemory: Peak Memory 46.23 MB used, plus 2.48 MB waste
[2017.08.29-13.23.40:784][  0]LogMemory: Current OS Memory 40.10 MB, peak 48.72 MB
[2017.08.29-13.23.40:784][  0]LogMemory: Current Waste 0.62 MB, peak 0.91 MB
[2017.08.29-13.23.40:784][  0]LogMemory: Current Used 36.72 MB, peak 46.23 MB
[2017.08.29-13.23.40:784][  0]LogMemory: Current Slack 2.77 MB
[2017.08.29-13.23.40:784][  0]LogMemory: Allocs       106579 Current /  1038896 Total
[2017.08.29-13.23.40:784][  0]LogMemory: 
[2017.08.29-13.23.40:784][  0]LogMemory: Block Size Num Pools Max Pools Cur Allocs Total Allocs Min Req Max Req Mem Used Mem Slack Mem Waste Efficiency
[2017.08.29-13.23.40:784][  0]LogMemory: ---------- --------- --------- ---------- ------------ ------- ------- -------- --------- --------- ----------
[2017.08.29-13.23.40:784][  0]LogMemory:          8         0         0          0            0       8       0       0K        0K        0K    100.00%
[2017.08.29-13.23.40:784][  0]LogMemory:         16         4         4      13240       209024      16      16     206K       50K        0K    100.00%
[2017.08.29-13.23.40:784][  0]LogMemory:         32         9         9      17584        95940      32      32     549K       27K        0K    100.00%
[2017.08.29-13.23.40:784][  0]LogMemory:         48         8         8       9252        41692      48      48     433K       79K        0K    100.00%
[2017.08.29-13.23.40:784][  0]LogMemory:         64        16        16      15957        73583      64      64     997K       27K        0K    100.00%
[2017.08.29-13.23.40:784][  0]LogMemory:         80         7         7       5538        50346      80      80     432K       16K        0K    100.00%
[2017.08.29-13.23.40:784][  0]LogMemory:         96         5         5       2985        32931      96      96     279K       41K        0K    100.00%
[2017.08.29-13.23.40:784][  0]LogMemory:        112         4         4       1538        22601     112     112     168K       88K        0K    100.00%
[2017.08.29-13.23.40:784][  0]LogMemory:        128        33        33      16711        43095     128     128    2088K       24K        0K    100.00%
[2017.08.29-13.23.40:784][  0]LogMemory:        160         7        13       2563        86824     144     160     400K       48K       12K     97.32%
[2017.08.29-13.23.40:784][  0]LogMemory:        192        17        17       5185       108476     176     192     972K      115K       34K     96.88%
[2017.08.29-13.23.40:784][  0]LogMemory:        224        17        28       4620       116130     208     224    1010K       76K       39K     96.42%
[2017.08.29-13.23.40:784][  0]LogMemory:        256         3         3        715        59448     240     256     178K       14K        4K     97.92%
[2017.08.29-13.23.40:784][  0]LogMemory:        288         5         5       1112        26729     272     288     312K        8K        9K     97.19%
[2017.08.29-13.23.40:784][  0]LogMemory:        320         4         4        685        15066     304     320     214K       41K        6K     97.66%
[2017.08.29-13.23.40:784][  0]LogMemory:        384        12        12       1950        18141     336     384     731K       34K       74K     90.36%
[2017.08.29-13.23.40:784][  0]LogMemory:        448        12        12       1678        10345     400     448     734K       33K       59K     92.32%
[2017.08.29-13.23.40:784][  0]LogMemory:        512        10        10       1146         5389     464     512     573K       67K       32K     95.00%
[2017.08.29-13.23.40:784][  0]LogMemory:        576        11        11        885         1781     528     576     497K      203K       29K     95.88%
[2017.08.29-13.23.40:784][  0]LogMemory:        640         9        10        574         1190     592     640     358K      216K       20K     96.53%
[2017.08.29-13.23.40:784][  0]LogMemory:        704         4         4        272          614     656     704     187K       69K        4K     98.44%
[2017.08.29-13.23.40:784][  0]LogMemory:        768         3         3        195         2490     720     768     146K       46K        3K     98.44%
[2017.08.29-13.23.40:784][  0]LogMemory:        896         3         4        207          630     784     896     181K       11K        8K     95.83%
[2017.08.29-13.23.40:784][  0]LogMemory:       1024         2         3        106          497     912    1024     106K       22K        2K     98.44%
[2017.08.29-13.23.40:784][  0]LogMemory:       1168         3         3        106          467    1040    1168     120K       72K        6K     96.88%
[2017.08.29-13.23.40:784][  0]LogMemory:       1360         7         7        276         3210    1184    1360     366K       81K       23K     94.87%
[2017.08.29-13.23.40:784][  0]LogMemory:       1632         8         8        268          640    1376    1632     427K       83K       29K     94.34%
[2017.08.29-13.23.40:784][  0]LogMemory:       2048         9         9        184          673    1648    2048     368K      208K       39K     93.23%
[2017.08.29-13.23.40:784][  0]LogMemory:       2336         3         4         73         3400    2064    2336     166K       26K       18K     90.63%
[2017.08.29-13.23.40:784][  0]LogMemory:       2720         5         6        104          504    2352    2720     276K       43K       14K     95.63%
[2017.08.29-13.23.40:784][  0]LogMemory:       3264         9        10        146         2149    2736    3264     465K      109K       24K     95.83%
[2017.08.29-13.23.40:784][  0]LogMemory:       4096        12        14        159          705    3280    4096     636K      132K       53K     93.10%
[2017.08.29-13.23.40:784][  0]LogMemory:       4672         7         9         77         1378    4112    4672     351K       97K       11K     97.54%
[2017.08.29-13.23.40:784][  0]LogMemory:       5456         9        14         94          390    4688    5456     500K       76K       42K     92.71%
[2017.08.29-13.23.40:784][  0]LogMemory:       6544        13        15        108          319    5472    6544     690K      141K       56K     93.27%
[2017.08.29-13.23.40:784][  0]LogMemory:       8192         7         9         46          915    6560    8192     368K       80K       26K     94.20%
[2017.08.29-13.23.40:784][  0]LogMemory:       9360         6         6         36          100    8208    9360     329K       55K       18K     95.31%
[2017.08.29-13.23.40:784][  0]LogMemory:      10912         4         5         24           54    9376   10896     255K        1K       18K     92.97%
[2017.08.29-13.23.40:784][  0]LogMemory:      13104         6         6         26           80   10960   13056     332K       52K       25K     93.49%
[2017.08.29-13.23.40:784][  0]LogMemory:      16384         8        10         26          146   13120   16384     416K       96K       25K     95.12%
[2017.08.29-13.23.40:784][  0]LogMemory:      21840        11        12         31           86   16400   21776     661K       43K      108K     84.66%
[2017.08.29-13.23.40:784][  0]LogMemory:      32768         7         8         14           72   21904   32544     448K        0K       97K     78.35%
[2017.08.29-13.23.40:784][  0]LogMemory: 
[2017.08.29-13.23.40:784][  0]LogMemory: 21696K allocated in pools (with 2750K slack and 967K waste). Efficiency 95.54%
[2017.08.29-13.23.40:784][  0]LogMemory: Allocations 106497 Current / 1038251 Total (in 339 pools)
[2017.08.29-13.23.40:784][  0]LogMemory: 
[2017.08.29-13.23.40:797][  0]LogLinker:Warning: CreateImport: Failed to load Outer for resource 'WidgetTree': WidgetBlueprint /Script/UMGEditor.Default__WidgetBlueprint
[2017.08.29-13.23.40:800][  0]LogLinker:Warning: CreateImport: Failed to load Outer for resource 'WidgetTree': WidgetBlueprint /Script/UMGEditor.Default__WidgetBlueprint
[2017.08.29-13.23.40:808][  0]LogLinker:Warning: CreateImport: Failed to load Outer for resource 'WidgetTree': WidgetBlueprint /Script/UMGEditor.Default__WidgetBlueprint
[2017.08.29-13.23.40:829][  0]LogModuleManager:Warning: ModuleManager: Module 'GameplayDebugger' not found - its StaticallyLinkedModuleInitializers function is null.
[2017.08.29-13.23.40:829][  0]LogAIModule: Creating AISystem for world gerBallTestLvl
[2017.08.29-13.23.40:830][  0]LogWorld: Game class is 'bpGameMode_C'
[2017.08.29-13.23.40:833][  0]LogWorld: Bringing World /Game/gerBallTestLvl.gerBallTestLvl up for play (max tick rate 0) at 2017.08.29-14.23.40
[2017.08.29-13.23.40:843][  0]LogWorld: Bringing up level for play took: 0.011297
[2017.08.29-13.23.40:844][  0]LogEngine: Onscreen warnings/messages are now DISABLED
[2017.08.29-13.23.40:852][  0]LogInit:Display: Game Engine Initialized.
[2017.08.29-13.23.41:055][  0]LogAssetRegistry: FAssetRegistry took 0.0019 seconds to start up
[2017.08.29-13.23.41:055][  0]LogLoad: Full Startup: 1.54 seconds (BP compile: 0.00 seconds)
[2017.08.29-13.23.41:119][  0]LogRenderer: Reallocating scene render targets to support 128x128 (Frame:1).
[2017.08.29-13.23.41:222][  0]LogContentStreaming: Texture pool size is 1000.000000MB
[2017.08.29-13.23.41:268][  1]LogRenderer: Reallocating scene render targets to support 1600x904 (Frame:2).
[2017.08.29-13.23.53:620][758]LogSynthBenchmark:Display: FSynthBenchmark (V0.95):  requested WorkScale=1.00
[2017.08.29-13.23.53:620][758]LogSynthBenchmark:Display: ===============
[2017.08.29-13.23.53:620][758]LogSynthBenchmark:Display: Main Processor:
[2017.08.29-13.23.53:661][758]LogSynthBenchmark:Display:          ... 0.020228 s/Run 'RayIntersect'
[2017.08.29-13.23.53:661][758]LogSynthBenchmark:Display:          ... 0.020480 s/Run 'Fractal'
[2017.08.29-13.23.53:661][758]LogSynthBenchmark:Display: 
[2017.08.29-13.23.53:661][758]LogSynthBenchmark:Display:   CompiledTarget_x_Bits: 64
[2017.08.29-13.23.53:661][758]LogSynthBenchmark:Display:   UE_BUILD_SHIPPING: 0
[2017.08.29-13.23.53:661][758]LogSynthBenchmark:Display:   UE_BUILD_TEST: 0
[2017.08.29-13.23.53:661][758]LogSynthBenchmark:Display:   UE_BUILD_DEBUG: 0
[2017.08.29-13.23.53:661][758]LogSynthBenchmark:Display:   TotalPhysicalGBRam: 8
[2017.08.29-13.23.53:661][758]LogSynthBenchmark:Display:   NumberOfCores (physical): 4
[2017.08.29-13.23.53:661][758]LogSynthBenchmark:Display:   NumberOfCores (logical): 4
[2017.08.29-13.23.53:661][758]LogSynthBenchmark:Display:   CPU Perf Index 0: 126.6
[2017.08.29-13.23.53:661][758]LogSynthBenchmark:Display:   CPU Perf Index 1: 139.6
[2017.08.29-13.23.53:661][758]LogSynthBenchmark:Display:  
[2017.08.29-13.23.53:661][758]LogSynthBenchmark:Display: Graphics:
[2017.08.29-13.23.53:661][758]LogSynthBenchmark:Display:   Adapter Name: 'Radeon(TM) RX 460 Graphics'
[2017.08.29-13.23.53:661][758]LogSynthBenchmark:Display:   (On Optimus the name might be wrong, memory should be ok)
[2017.08.29-13.23.53:661][758]LogSynthBenchmark:Display:   Vendor Id: 0x1002
[2017.08.29-13.23.53:661][758]LogSynthBenchmark:Display:   GPU Memory: 4045/0/4073 MB
[2017.08.29-13.23.53:661][758]LogSynthBenchmark:Display:   CPUIndex: 126.6
[2017.08.29-13.23.53:661][758]LogSynthBenchmark:Display:   GPUIndex: -1.$
[2017.08.29-13.23.53:661][758]LogSynthBenchmark:Display: 
[2017.08.29-13.23.53:661][758]LogSynthBenchmark:Display:          ... Total Time: 0.040957 sec
[2017.08.29-13.23.55:224][819]LogWindowsTextInputMethodSystem:Display: IME system now deactivated.
[2017.08.29-13.23.55:227][819]LogEngine: All Windows Closed
[2017.08.29-13.23.55:228][819]LogWindows: FPlatformMisc::RequestExit(0)
[2017.08.29-13.23.55:815][820]LogExit: Preparing to exit.
[2017.08.29-13.23.55:834][820]LogExit: Game engine shut down
[2017.08.29-13.23.55:835][820]LogParticles: Destroying 0 GPU particle simulations for FXSystem 0x00000239ED4074E0
[2017.08.29-13.23.55:878][820]LogExit: Object subsystem successfully closed.
[2017.08.29-13.23.55:887][820]LogD3D11RHI: Shutdown
[2017.08.29-13.23.55:887][820]LogD3D11RHI: CleanupD3DDevice
[2017.08.29-13.23.55:930][820]LogD3D11RHI: ~FD3D11DynamicRHI
[2017.08.29-13.23.55:932][820]LogModuleManager: Shutting down and abandoning module SynthBenchmark (53)
[2017.08.29-13.23.55:932][820]LogModuleManager: Shutting down and abandoning module AssetRegistry (52)
[2017.08.29-13.23.55:932][820]LogModuleManager: Shutting down and abandoning module AutomationWorker (51)
[2017.08.29-13.23.55:932][820]LogModuleManager: Shutting down and abandoning module CharacterAI (50)
[2017.08.29-13.23.55:932][820]LogModuleManager: Shutting down and abandoning module AIModule (48)
[2017.08.29-13.23.55:932][820]LogModuleManager: Shutting down and abandoning module GameLiveStreaming (47)
[2017.08.29-13.23.55:932][820]LogModuleManager: Shutting down and abandoning module StreamingPauseRendering (46)
[2017.08.29-13.23.55:932][820]LogModuleManager: Shutting down and abandoning module AnalyticsET (45)
[2017.08.29-13.23.55:932][820]LogModuleManager: Shutting down and abandoning module Analytics (44)
[2017.08.29-13.23.55:932][820]LogModuleManager: Shutting down and abandoning module ProfilerService (43)
[2017.08.29-13.23.55:965][820]LogModuleManager: Shutting down and abandoning module TaskGraph (42)
[2017.08.29-13.23.55:965][820]LogModuleManager: Shutting down and abandoning module SlateRemote (41)
[2017.08.29-13.23.55:965][820]LogModuleManager: Shutting down and abandoning module SteamVRController (40)
[2017.08.29-13.23.55:965][820]LogModuleManager: Shutting down and abandoning module SteamVR (39)
[2017.08.29-13.23.55:965][820]LogModuleManager: Shutting down and abandoning module ProceduralMeshComponent (38)
[2017.08.29-13.23.55:965][820]LogModuleManager: Shutting down and abandoning module OculusRift (37)
[2017.08.29-13.23.55:965][820]LogModuleManager: Shutting down and abandoning module CustomMeshComponent (36)
[2017.08.29-13.23.55:965][820]LogModuleManager: Shutting down and abandoning module CableComponent (35)
[2017.08.29-13.23.55:965][820]LogModuleManager: Shutting down and abandoning module UdpMessaging (34)
[2017.08.29-13.23.55:965][820]LogModuleManager: Shutting down and abandoning module Paper2D (33)
[2017.08.29-13.23.55:965][820]LogModuleManager: Shutting down and abandoning module WindowsMoviePlayer (32)
[2017.08.29-13.23.55:966][820]LogModuleManager: Shutting down and abandoning module Media (31)
[2017.08.29-13.23.55:966][820]LogModuleManager: Shutting down and abandoning module WmfMedia (30)
[2017.08.29-13.23.55:966][820]LogModuleManager: Shutting down and abandoning module ImageWrapper (29)
[2017.08.29-13.23.55:966][820]LogModuleManager: Shutting down and abandoning module UMG (28)
[2017.08.29-13.23.55:966][820]LogModuleManager: Shutting down and abandoning module Slate (27)
[2017.08.29-13.23.55:966][820]LogModuleManager: Shutting down and abandoning module SessionServices (26)
[2017.08.29-13.23.55:966][820]LogModuleManager: Shutting down and abandoning module Messaging (25)
[2017.08.29-13.23.55:966][820]LogModuleManager: Shutting down and abandoning module HeadMountedDisplay (24)
[2017.08.29-13.23.55:966][820]LogModuleManager: Shutting down and abandoning module XAudio2 (23)
[2017.08.29-13.23.55:966][820]LogModuleManager: Shutting down and abandoning module Networking (21)
[2017.08.29-13.23.55:966][820]LogModuleManager: Shutting down and abandoning module Core (20)
[2017.08.29-13.23.55:966][820]LogModuleManager: Shutting down and abandoning module LeapMotionController (19)
[2017.08.29-13.23.55:983][820]LogModuleManager: Shutting down and abandoning module InputCore (18)
[2017.08.29-13.23.55:983][820]LogModuleManager: Shutting down and abandoning module OnlineSubsystem (16)
[2017.08.29-13.23.55:983][820]LogModuleManager: Shutting down and abandoning module HTTP (15)
[2017.08.29-13.23.55:983][820]LogModuleManager: Shutting down and abandoning module ExampleDeviceProfileSelector (14)
[2017.08.29-13.23.55:983][820]LogModuleManager: Shutting down and abandoning module ShaderCore (13)
[2017.08.29-13.23.55:983][820]LogModuleManager: Shutting down and abandoning module Landscape (12)
[2017.08.29-13.23.55:983][820]LogModuleManager: Shutting down and abandoning module SlateRHIRenderer (11)
[2017.08.29-13.23.55:983][820]LogModuleManager: Shutting down and abandoning module OpenGLDrv (10)
[2017.08.29-13.23.55:983][820]LogModuleManager: Shutting down and abandoning module D3D11RHI (9)
[2017.08.29-13.23.55:983][820]LogModuleManager: Shutting down and abandoning module Renderer (8)
[2017.08.29-13.23.55:983][820]LogModuleManager: Shutting down and abandoning module Engine (7)
[2017.08.29-13.23.55:983][820]LogModuleManager: Shutting down and abandoning module CoreUObject (6)
[2017.08.29-13.23.55:983][820]LogModuleManager: Shutting down and abandoning module NetworkFile (5)
[2017.08.29-13.23.55:983][820]LogModuleManager: Shutting down and abandoning module StreamingFile (4)
[2017.08.29-13.23.55:983][820]LogModuleManager: Shutting down and abandoning module SandboxFile (3)
[2017.08.29-13.23.55:983][820]LogModuleManager: Shutting down and abandoning module PakFile (1)
[2017.08.29-13.23.55:983][820]LogExit: Exiting.
[2017.08.29-13.23.55:984][820]Log file closed, 08/29/17 14:23:55
